00:01:11.046 [main] INFO  - Wishlist test started........
00:01:23.679 [main] INFO  - Negative test: Add to wishlist without login started
00:01:24.324 [main] INFO  - Negative test: Add to wishlist without login finished
00:03:55.670 [main] INFO  - Wishlist test started........
00:04:00.201 [main] INFO  - Wishlist test ended........
00:04:00.807 [main] INFO  - Negative test: Add to wishlist without login started
00:04:01.511 [main] INFO  - Negative test: Add to wishlist without login finished
00:04:34.493 [main] INFO  - ****Starting testcase a *****
00:04:34.761 [main] INFO  - ****clicked myaccount *****
00:04:35.171 [main] INFO  - ****clicked register *****
00:04:35.181 [main] INFO  - ****customer details *****
00:04:36.856 [main] INFO  - ****validating expected message *****
00:04:37.558 [main] INFO  - ****test executed*****
00:04:37.632 [main] INFO  - ***Negative test: Empty first name started***
00:04:49.360 [main] INFO  - ***Negative test: Empty first name finished***
00:04:49.364 [main] INFO  - ***Negative test: Invalid email started***
00:05:00.725 [main] INFO  - ***Negative test: Invalid email finished***
00:05:00.735 [main] INFO  - ***Negative test: Password mismatch started***
00:05:12.179 [main] INFO  - ***Negative test: Password mismatch finished***
00:05:16.602 [main] INFO  - ***login started******
00:05:18.600 [main] INFO  - ***finsihed login started******
00:05:18.615 [main] INFO  - ***Negative login test: Invalid credentials started***
00:05:19.669 [main] INFO  - ***Negative login test: Invalid credentials finished***
00:05:19.673 [main] INFO  - ***Negative login test: Empty username started***
00:05:20.598 [main] INFO  - ***Negative login test: Empty username finished***
00:05:20.601 [main] INFO  - ***Negative login test: Empty password started***
00:05:21.656 [main] INFO  - ***Negative login test: Empty password finished***
00:05:27.944 [main] INFO  - ***login started******
00:05:29.807 [main] INFO  - ***login started******
00:05:40.891 [main] INFO  - ***login started******
00:05:51.969 [main] INFO  - ***login started******
00:06:02.790 [main] INFO  - ***login started******
00:06:17.495 [main] INFO  - search case started......
00:06:25.170 [main] INFO  - search case ended......
00:06:25.182 [main] INFO  - Negative test: Search non-existing product started
00:06:27.981 [main] INFO  - Negative test: Search non-existing product finished
00:06:27.987 [main] INFO  - Negative test: Search with empty input started
00:06:30.455 [main] INFO  - Negative test: Search with empty input finished
00:06:30.463 [main] INFO  - Negative test: Search with special characters started
00:06:32.913 [main] INFO  - Negative test: Search with special characters finished
00:06:35.750 [main] INFO  - addtocart test started........
00:06:43.531 [main] INFO  - CompareProduct test started........
00:06:53.506 [main] INFO  - Wishlist test started........
00:07:05.711 [main] INFO  - Negative test: Add to wishlist without login started
00:07:06.333 [main] INFO  - Negative test: Add to wishlist without login finished
00:07:09.426 [main] INFO  - addtocart test started........
00:07:24.262 [main] INFO  - endtoened test started........
00:07:27.799 [main] INFO  - ****validating expected message *****
00:08:18.636 [main] INFO  - endtoened test finished........
00:10:56.194 [main] INFO  - addtocart test started........
00:10:58.939 [main] INFO  - addtocart test ended........
00:12:44.331 [main] INFO  - addtocart test started........
00:15:43.120 [main] INFO  - ****Starting testcase a *****
00:15:43.379 [main] INFO  - ****clicked myaccount *****
00:15:43.940 [main] INFO  - ****clicked register *****
00:15:44.018 [main] INFO  - ****customer details *****
00:15:45.726 [main] INFO  - ****validating expected message *****
00:15:46.298 [main] INFO  - ****test executed*****
00:15:46.417 [main] INFO  - ***Negative test: Empty first name started***
00:15:58.253 [main] INFO  - ***Negative test: Empty first name finished***
00:15:58.263 [main] INFO  - ***Negative test: Invalid email started***
00:16:09.915 [main] INFO  - ***Negative test: Invalid email finished***
00:16:09.938 [main] INFO  - ***Negative test: Password mismatch started***
00:16:21.930 [main] INFO  - ***Negative test: Password mismatch finished***
00:16:25.438 [main] INFO  - ***login started******
00:16:27.142 [main] INFO  - ***finsihed login started******
00:16:27.156 [main] INFO  - ***Negative login test: Invalid credentials started***
00:16:28.118 [main] INFO  - ***Negative login test: Invalid credentials finished***
00:16:28.125 [main] INFO  - ***Negative login test: Empty username started***
00:16:28.993 [main] INFO  - ***Negative login test: Empty username finished***
00:16:28.998 [main] INFO  - ***Negative login test: Empty password started***
00:16:29.937 [main] INFO  - ***Negative login test: Empty password finished***
00:16:32.512 [main] INFO  - search case started......
00:16:40.003 [main] INFO  - search case ended......
00:16:40.006 [main] INFO  - Negative test: Search non-existing product started
00:16:42.623 [main] INFO  - Negative test: Search non-existing product finished
00:16:42.626 [main] INFO  - Negative test: Search with empty input started
00:16:45.168 [main] INFO  - Negative test: Search with empty input finished
00:16:45.172 [main] INFO  - Negative test: Search with special characters started
00:16:47.741 [main] INFO  - Negative test: Search with special characters finished
00:16:51.205 [main] INFO  - Wishlist test started........
00:17:03.687 [main] INFO  - Negative test: Add to wishlist without login started
00:17:04.485 [main] INFO  - Negative test: Add to wishlist without login finished
00:17:06.999 [main] INFO  - CompareProduct test started........
00:17:11.901 [main] INFO  - CompareProduct test ended........
00:17:15.531 [main] INFO  - addtocart test started........
00:17:18.102 [main] INFO  - addtocart test ended........
00:17:21.164 [main] INFO  - addtocart test started........
00:17:48.546 [main] INFO  - endtoened test started........
00:17:51.254 [main] INFO  - ****validating expected message *****
00:21:47.781 [main] INFO  - Wishlist test started........
00:21:50.944 [main] INFO  - Negative test: Add to wishlist without login started
00:21:51.661 [main] INFO  - Negative test: Add to wishlist without login finished
00:24:58.852 [main] INFO  - Wishlist test started........
00:25:10.627 [main] INFO  - Negative test: Add to wishlist without login started
00:25:12.649 [main] INFO  - Negative test: Add to wishlist without login finished
00:27:24.628 [main] INFO  - Wishlist test started........
00:27:32.203 [main] INFO  - Wishlist test ended........
00:27:32.752 [main] INFO  - Negative test: Add to wishlist without login started
00:27:33.456 [main] INFO  - Negative test: Add to wishlist without login finished
00:29:02.915 [main] INFO  - Wishlist test started........
00:29:10.634 [main] INFO  - Wishlist test ended........
00:29:11.109 [main] INFO  - Negative test: Add to wishlist without login started
00:29:11.753 [main] INFO  - Negative test: Add to wishlist without login finished
