00:01:11.046 [main] INFO  - Wishlist test started........
00:01:23.679 [main] INFO  - Negative test: Add to wishlist without login started
00:01:24.324 [main] INFO  - Negative test: Add to wishlist without login finished
00:03:55.670 [main] INFO  - Wishlist test started........
00:04:00.201 [main] INFO  - Wishlist test ended........
00:04:00.807 [main] INFO  - Negative test: Add to wishlist without login started
00:04:01.511 [main] INFO  - Negative test: Add to wishlist without login finished
00:04:34.493 [main] INFO  - ****Starting testcase a *****
00:04:34.761 [main] INFO  - ****clicked myaccount *****
00:04:35.171 [main] INFO  - ****clicked register *****
00:04:35.181 [main] INFO  - ****customer details *****
00:04:36.856 [main] INFO  - ****validating expected message *****
00:04:37.558 [main] INFO  - ****test executed*****
00:04:37.632 [main] INFO  - ***Negative test: Empty first name started***
00:04:49.360 [main] INFO  - ***Negative test: Empty first name finished***
00:04:49.364 [main] INFO  - ***Negative test: Invalid email started***
00:05:00.725 [main] INFO  - ***Negative test: Invalid email finished***
00:05:00.735 [main] INFO  - ***Negative test: Password mismatch started***
00:05:12.179 [main] INFO  - ***Negative test: Password mismatch finished***
00:05:16.602 [main] INFO  - ***login started******
00:05:18.600 [main] INFO  - ***finsihed login started******
00:05:18.615 [main] INFO  - ***Negative login test: Invalid credentials started***
00:05:19.669 [main] INFO  - ***Negative login test: Invalid credentials finished***
00:05:19.673 [main] INFO  - ***Negative login test: Empty username started***
00:05:20.598 [main] INFO  - ***Negative login test: Empty username finished***
00:05:20.601 [main] INFO  - ***Negative login test: Empty password started***
00:05:21.656 [main] INFO  - ***Negative login test: Empty password finished***
00:05:27.944 [main] INFO  - ***login started******
00:05:29.807 [main] INFO  - ***login started******
00:05:40.891 [main] INFO  - ***login started******
00:05:51.969 [main] INFO  - ***login started******
00:06:02.790 [main] INFO  - ***login started******
00:06:17.495 [main] INFO  - search case started......
00:06:25.170 [main] INFO  - search case ended......
00:06:25.182 [main] INFO  - Negative test: Search non-existing product started
00:06:27.981 [main] INFO  - Negative test: Search non-existing product finished
00:06:27.987 [main] INFO  - Negative test: Search with empty input started
00:06:30.455 [main] INFO  - Negative test: Search with empty input finished
00:06:30.463 [main] INFO  - Negative test: Search with special characters started
00:06:32.913 [main] INFO  - Negative test: Search with special characters finished
00:06:35.750 [main] INFO  - addtocart test started........
00:06:43.531 [main] INFO  - CompareProduct test started........
00:06:53.506 [main] INFO  - Wishlist test started........
00:07:05.711 [main] INFO  - Negative test: Add to wishlist without login started
00:07:06.333 [main] INFO  - Negative test: Add to wishlist without login finished
00:07:09.426 [main] INFO  - addtocart test started........
00:07:24.262 [main] INFO  - endtoened test started........
00:07:27.799 [main] INFO  - ****validating expected message *****
00:08:18.636 [main] INFO  - endtoened test finished........
00:10:56.194 [main] INFO  - addtocart test started........
00:10:58.939 [main] INFO  - addtocart test ended........
00:12:44.331 [main] INFO  - addtocart test started........
00:15:43.120 [main] INFO  - ****Starting testcase a *****
00:15:43.379 [main] INFO  - ****clicked myaccount *****
00:15:43.940 [main] INFO  - ****clicked register *****
00:15:44.018 [main] INFO  - ****customer details *****
00:15:45.726 [main] INFO  - ****validating expected message *****
00:15:46.298 [main] INFO  - ****test executed*****
00:15:46.417 [main] INFO  - ***Negative test: Empty first name started***
00:15:58.253 [main] INFO  - ***Negative test: Empty first name finished***
00:15:58.263 [main] INFO  - ***Negative test: Invalid email started***
00:16:09.915 [main] INFO  - ***Negative test: Invalid email finished***
00:16:09.938 [main] INFO  - ***Negative test: Password mismatch started***
00:16:21.930 [main] INFO  - ***Negative test: Password mismatch finished***
00:16:25.438 [main] INFO  - ***login started******
00:16:27.142 [main] INFO  - ***finsihed login started******
00:16:27.156 [main] INFO  - ***Negative login test: Invalid credentials started***
00:16:28.118 [main] INFO  - ***Negative login test: Invalid credentials finished***
00:16:28.125 [main] INFO  - ***Negative login test: Empty username started***
00:16:28.993 [main] INFO  - ***Negative login test: Empty username finished***
00:16:28.998 [main] INFO  - ***Negative login test: Empty password started***
00:16:29.937 [main] INFO  - ***Negative login test: Empty password finished***
00:16:32.512 [main] INFO  - search case started......
00:16:40.003 [main] INFO  - search case ended......
00:16:40.006 [main] INFO  - Negative test: Search non-existing product started
00:16:42.623 [main] INFO  - Negative test: Search non-existing product finished
00:16:42.626 [main] INFO  - Negative test: Search with empty input started
00:16:45.168 [main] INFO  - Negative test: Search with empty input finished
00:16:45.172 [main] INFO  - Negative test: Search with special characters started
00:16:47.741 [main] INFO  - Negative test: Search with special characters finished
00:16:51.205 [main] INFO  - Wishlist test started........
00:17:03.687 [main] INFO  - Negative test: Add to wishlist without login started
00:17:04.485 [main] INFO  - Negative test: Add to wishlist without login finished
00:17:06.999 [main] INFO  - CompareProduct test started........
00:17:11.901 [main] INFO  - CompareProduct test ended........
00:17:15.531 [main] INFO  - addtocart test started........
00:17:18.102 [main] INFO  - addtocart test ended........
00:17:21.164 [main] INFO  - addtocart test started........
00:17:48.546 [main] INFO  - endtoened test started........
00:17:51.254 [main] INFO  - ****validating expected message *****
00:21:47.781 [main] INFO  - Wishlist test started........
00:21:50.944 [main] INFO  - Negative test: Add to wishlist without login started
00:21:51.661 [main] INFO  - Negative test: Add to wishlist without login finished
00:24:58.852 [main] INFO  - Wishlist test started........
00:25:10.627 [main] INFO  - Negative test: Add to wishlist without login started
00:25:12.649 [main] INFO  - Negative test: Add to wishlist without login finished
00:27:24.628 [main] INFO  - Wishlist test started........
00:27:32.203 [main] INFO  - Wishlist test ended........
00:27:32.752 [main] INFO  - Negative test: Add to wishlist without login started
00:27:33.456 [main] INFO  - Negative test: Add to wishlist without login finished
00:29:02.915 [main] INFO  - Wishlist test started........
00:29:10.634 [main] INFO  - Wishlist test ended........
00:29:11.109 [main] INFO  - Negative test: Add to wishlist without login started
00:29:11.753 [main] INFO  - Negative test: Add to wishlist without login finished
19:15:12.287 [main] INFO  - CompareProduct test started........
19:15:16.525 [main] INFO  - CompareProduct test ended........
19:15:16.587 [main] INFO  - Negative Test: Add to compare without selecting product started...
19:21:23.303 [main] INFO  - CompareProduct test started........
19:21:28.966 [main] INFO  - CompareProduct test ended........
19:21:29.023 [main] INFO  - Negative Test: Add to compare without selecting product started...
19:21:29.840 [main] INFO  - Negative Test: Add to compare without selecting product ended.
19:21:55.904 [main] INFO  - CompareProduct test started........
19:22:01.005 [main] INFO  - Negative Test: Add to compare without selecting product started...
19:22:48.189 [main] INFO  - CompareProduct test started........
19:22:56.010 [main] INFO  - CompareProduct test ended........
19:22:56.048 [main] INFO  - Negative Test: Add to compare without selecting product started...
19:22:56.934 [main] INFO  - Negative Test: Add to compare without selecting product ended.
19:37:08.462 [main] INFO  - addtocart test started........
19:37:23.474 [main] INFO  - Negative test: Estimate shipping with invalid details started
19:37:34.173 [main] ERROR - Exception in estimateShippingWithInvalidDetails: Cannot locate option with text: InvalidCountry
For documentation on this error, please visit: https://www.selenium.dev/documentation/webdriver/troubleshooting/errors#no-such-element-exception
Build info: version: '4.35.0', revision: '1c58e5028b'
System info: os.name: 'Windows 10', os.arch: 'amd64', os.version: '10.0', java.version: '17.0.4'
Driver info: driver.version: unknown
19:39:44.150 [main] INFO  - addtocart test started........
19:40:08.327 [main] INFO  - Negative test: Estimate shipping with invalid details started
19:40:18.959 [main] ERROR - Exception in estimateShippingWithInvalidDetails: Cannot locate option with text: InvalidCountry
For documentation on this error, please visit: https://www.selenium.dev/documentation/webdriver/troubleshooting/errors#no-such-element-exception
Build info: version: '4.35.0', revision: '1c58e5028b'
System info: os.name: 'Windows 10', os.arch: 'amd64', os.version: '10.0', java.version: '17.0.4'
Driver info: driver.version: unknown
19:55:10.650 [main] INFO  - addtocart test started........
19:55:34.670 [main] INFO  - Negative test: Estimate shipping with invalid details started
19:55:45.440 [main] ERROR - Exception in estimateShippingWithInvalidDetails: Cannot locate option with text: InvalidCountry
For documentation on this error, please visit: https://www.selenium.dev/documentation/webdriver/troubleshooting/errors#no-such-element-exception
Build info: version: '4.35.0', revision: '1c58e5028b'
System info: os.name: 'Windows 10', os.arch: 'amd64', os.version: '10.0', java.version: '17.0.4'
Driver info: driver.version: unknown
20:01:21.653 [main] INFO  - addtocart test started........
20:01:45.702 [main] INFO  - Negative test: Estimate shipping with invalid details started
20:02:07.575 [main] ERROR - Exception in estimateShippingWithInvalidDetails: element not interactable
  (Session info: chrome=140.0.7339.128)
Build info: version: '4.35.0', revision: '1c58e5028b'
System info: os.name: 'Windows 10', os.arch: 'amd64', os.version: '10.0', java.version: '17.0.4'
Driver info: org.openqa.selenium.chrome.ChromeDriver
Command: [5cb7cd2fc5833e7f54e828e6f115366f, clearElement {id=f.5581CD4C31B7AB201F71DFEE6503B6BF.d.35414A070113A6B19E02F3FE10750F2C.e.275}]
Capabilities {acceptInsecureCerts: false, browserName: chrome, browserVersion: 140.0.7339.128, chrome: {chromedriverVersion: 140.0.7339.185 (eeea00e459e..., userDataDir: C:\Users\ADMIN\AppData\Loca...}, fedcm:accounts: true, goog:chromeOptions: {debuggerAddress: localhost:59551}, networkConnectionEnabled: false, pageLoadStrategy: normal, platformName: windows, proxy: Proxy(), se:cdp: ws://localhost:59551/devtoo..., se:cdpVersion: 140.0.7339.128, setWindowRect: true, strictFileInteractability: false, timeouts: {implicit: 0, pageLoad: 300000, script: 30000}, unhandledPromptBehavior: dismiss and notify, webauthn:extension:credBlob: true, webauthn:extension:largeBlob: true, webauthn:extension:minPinLength: true, webauthn:extension:prf: true, webauthn:virtualAuthenticators: true}
Element: [[ChromeDriver: chrome on windows (5cb7cd2fc5833e7f54e828e6f115366f)] -> xpath: //input[@id='input-coupon']]
Session ID: 5cb7cd2fc5833e7f54e828e6f115366f
20:15:04.987 [main] INFO  - addtocart test started........
20:15:29.837 [main] INFO  - Negative test: Estimate shipping with invalid details started
20:15:41.141 [main] ERROR - Exception in estimateShippingWithInvalidDetails: no such element: Unable to locate element: {"method":"xpath","selector":"//input[@name='shipping_method']"}
  (Session info: chrome=140.0.7339.128)
For documentation on this error, please visit: https://www.selenium.dev/documentation/webdriver/troubleshooting/errors#no-such-element-exception
Build info: version: '4.35.0', revision: '1c58e5028b'
System info: os.name: 'Windows 10', os.arch: 'amd64', os.version: '10.0', java.version: '17.0.4'
Driver info: org.openqa.selenium.chrome.ChromeDriver
Command: [022961324e699bdd784b75faac80859f, findElement {using=xpath, value=//input[@name='shipping_method']}]
Capabilities {acceptInsecureCerts: false, browserName: chrome, browserVersion: 140.0.7339.128, chrome: {chromedriverVersion: 140.0.7339.185 (eeea00e459e..., userDataDir: C:\Users\ADMIN\AppData\Loca...}, fedcm:accounts: true, goog:chromeOptions: {debuggerAddress: localhost:59982}, networkConnectionEnabled: false, pageLoadStrategy: normal, platformName: windows, proxy: Proxy(), se:cdp: ws://localhost:59982/devtoo..., se:cdpVersion: 140.0.7339.128, setWindowRect: true, strictFileInteractability: false, timeouts: {implicit: 0, pageLoad: 300000, script: 30000}, unhandledPromptBehavior: dismiss and notify, webauthn:extension:credBlob: true, webauthn:extension:largeBlob: true, webauthn:extension:minPinLength: true, webauthn:extension:prf: true, webauthn:virtualAuthenticators: true}
Session ID: 022961324e699bdd784b75faac80859f
20:19:47.605 [main] INFO  - addtocart test started........
20:20:10.243 [main] INFO  - Negative test: Estimate shipping with invalid details started
20:20:21.132 [main] ERROR - Exception in estimateShippingWithInvalidDetails: no such element: Unable to locate element: {"method":"xpath","selector":"//input[@name='shipping_method']"}
  (Session info: chrome=140.0.7339.128)
For documentation on this error, please visit: https://www.selenium.dev/documentation/webdriver/troubleshooting/errors#no-such-element-exception
Build info: version: '4.35.0', revision: '1c58e5028b'
System info: os.name: 'Windows 10', os.arch: 'amd64', os.version: '10.0', java.version: '17.0.4'
Driver info: org.openqa.selenium.chrome.ChromeDriver
Command: [4903fd3ea0078b403464f546816b6eb5, findElement {using=xpath, value=//input[@name='shipping_method']}]
Capabilities {acceptInsecureCerts: false, browserName: chrome, browserVersion: 140.0.7339.128, chrome: {chromedriverVersion: 140.0.7339.185 (eeea00e459e..., userDataDir: C:\Users\ADMIN\AppData\Loca...}, fedcm:accounts: true, goog:chromeOptions: {debuggerAddress: localhost:60198}, networkConnectionEnabled: false, pageLoadStrategy: normal, platformName: windows, proxy: Proxy(), se:cdp: ws://localhost:60198/devtoo..., se:cdpVersion: 140.0.7339.128, setWindowRect: true, strictFileInteractability: false, timeouts: {implicit: 0, pageLoad: 300000, script: 30000}, unhandledPromptBehavior: dismiss and notify, webauthn:extension:credBlob: true, webauthn:extension:largeBlob: true, webauthn:extension:minPinLength: true, webauthn:extension:prf: true, webauthn:virtualAuthenticators: true}
Session ID: 4903fd3ea0078b403464f546816b6eb5
20:22:51.939 [main] INFO  - addtocart test started........
20:23:14.728 [main] INFO  - Negative test: Estimate shipping with invalid details started
20:23:35.387 [main] ERROR - Exception in estimateShippingWithInvalidDetails: Cannot locate option with text: Tamil Nadu
For documentation on this error, please visit: https://www.selenium.dev/documentation/webdriver/troubleshooting/errors#no-such-element-exception
Build info: version: '4.35.0', revision: '1c58e5028b'
System info: os.name: 'Windows 10', os.arch: 'amd64', os.version: '10.0', java.version: '17.0.4'
Driver info: driver.version: unknown
20:25:53.384 [main] INFO  - addtocart test started........
20:26:15.793 [main] INFO  - Negative test: Estimate shipping with invalid details started
20:26:26.663 [main] ERROR - Exception in estimateShippingWithInvalidDetails: no such element: Unable to locate element: {"method":"xpath","selector":"//input[@name='shipping_method']"}
  (Session info: chrome=140.0.7339.128)
For documentation on this error, please visit: https://www.selenium.dev/documentation/webdriver/troubleshooting/errors#no-such-element-exception
Build info: version: '4.35.0', revision: '1c58e5028b'
System info: os.name: 'Windows 10', os.arch: 'amd64', os.version: '10.0', java.version: '17.0.4'
Driver info: org.openqa.selenium.chrome.ChromeDriver
Command: [5b3045446bcac3b0d538c34cb676aaaa, findElement {using=xpath, value=//input[@name='shipping_method']}]
Capabilities {acceptInsecureCerts: false, browserName: chrome, browserVersion: 140.0.7339.128, chrome: {chromedriverVersion: 140.0.7339.185 (eeea00e459e..., userDataDir: C:\Users\ADMIN\AppData\Loca...}, fedcm:accounts: true, goog:chromeOptions: {debuggerAddress: localhost:60488}, networkConnectionEnabled: false, pageLoadStrategy: normal, platformName: windows, proxy: Proxy(), se:cdp: ws://localhost:60488/devtoo..., se:cdpVersion: 140.0.7339.128, setWindowRect: true, strictFileInteractability: false, timeouts: {implicit: 0, pageLoad: 300000, script: 30000}, unhandledPromptBehavior: dismiss and notify, webauthn:extension:credBlob: true, webauthn:extension:largeBlob: true, webauthn:extension:minPinLength: true, webauthn:extension:prf: true, webauthn:virtualAuthenticators: true}
Session ID: 5b3045446bcac3b0d538c34cb676aaaa
20:30:43.252 [main] INFO  - addtocart test started........
20:31:06.098 [main] INFO  - Negative test: Estimate shipping with invalid details started
20:31:17.084 [main] ERROR - Exception in estimateShippingWithInvalidDetails: no such element: Unable to locate element: {"method":"xpath","selector":"//input[@name='shipping_method']"}
  (Session info: chrome=140.0.7339.128)
For documentation on this error, please visit: https://www.selenium.dev/documentation/webdriver/troubleshooting/errors#no-such-element-exception
Build info: version: '4.35.0', revision: '1c58e5028b'
System info: os.name: 'Windows 10', os.arch: 'amd64', os.version: '10.0', java.version: '17.0.4'
Driver info: org.openqa.selenium.chrome.ChromeDriver
Command: [0236f0ee797bd2f81da168735930501d, findElement {value=//input[@name='shipping_method'], using=xpath}]
Capabilities {acceptInsecureCerts: false, browserName: chrome, browserVersion: 140.0.7339.128, chrome: {chromedriverVersion: 140.0.7339.185 (eeea00e459e..., userDataDir: C:\Users\ADMIN\AppData\Loca...}, fedcm:accounts: true, goog:chromeOptions: {debuggerAddress: localhost:60695}, networkConnectionEnabled: false, pageLoadStrategy: normal, platformName: windows, proxy: Proxy(), se:cdp: ws://localhost:60695/devtoo..., se:cdpVersion: 140.0.7339.128, setWindowRect: true, strictFileInteractability: false, timeouts: {implicit: 0, pageLoad: 300000, script: 30000}, unhandledPromptBehavior: dismiss and notify, webauthn:extension:credBlob: true, webauthn:extension:largeBlob: true, webauthn:extension:minPinLength: true, webauthn:extension:prf: true, webauthn:virtualAuthenticators: true}
Session ID: 0236f0ee797bd2f81da168735930501d
20:35:17.031 [main] INFO  - addtocart test started........
20:35:40.448 [main] INFO  - Negative test: Estimate shipping with invalid details started
20:35:51.318 [main] ERROR - Exception in estimateShippingWithInvalidDetails: no such element: Unable to locate element: {"method":"xpath","selector":"//input[@name='shipping_method']"}
  (Session info: chrome=140.0.7339.128)
For documentation on this error, please visit: https://www.selenium.dev/documentation/webdriver/troubleshooting/errors#no-such-element-exception
Build info: version: '4.35.0', revision: '1c58e5028b'
System info: os.name: 'Windows 10', os.arch: 'amd64', os.version: '10.0', java.version: '17.0.4'
Driver info: org.openqa.selenium.chrome.ChromeDriver
Command: [3a91856d5c83cafd9f067d23e0f1451e, findElement {value=//input[@name='shipping_method'], using=xpath}]
Capabilities {acceptInsecureCerts: false, browserName: chrome, browserVersion: 140.0.7339.128, chrome: {chromedriverVersion: 140.0.7339.185 (eeea00e459e..., userDataDir: C:\Users\ADMIN\AppData\Loca...}, fedcm:accounts: true, goog:chromeOptions: {debuggerAddress: localhost:60883}, networkConnectionEnabled: false, pageLoadStrategy: normal, platformName: windows, proxy: Proxy(), se:cdp: ws://localhost:60883/devtoo..., se:cdpVersion: 140.0.7339.128, setWindowRect: true, strictFileInteractability: false, timeouts: {implicit: 0, pageLoad: 300000, script: 30000}, unhandledPromptBehavior: dismiss and notify, webauthn:extension:credBlob: true, webauthn:extension:largeBlob: true, webauthn:extension:minPinLength: true, webauthn:extension:prf: true, webauthn:virtualAuthenticators: true}
Session ID: 3a91856d5c83cafd9f067d23e0f1451e
20:38:48.253 [main] INFO  - addtocart test started........
20:39:10.969 [main] INFO  - Negative test: Estimate shipping with invalid details started
20:39:21.829 [main] ERROR - Exception in estimateShippingWithInvalidDetails: no such element: Unable to locate element: {"method":"xpath","selector":"//input[@name='shipping_method']"}
  (Session info: chrome=140.0.7339.128)
For documentation on this error, please visit: https://www.selenium.dev/documentation/webdriver/troubleshooting/errors#no-such-element-exception
Build info: version: '4.35.0', revision: '1c58e5028b'
System info: os.name: 'Windows 10', os.arch: 'amd64', os.version: '10.0', java.version: '17.0.4'
Driver info: org.openqa.selenium.chrome.ChromeDriver
Command: [f97770458a7eb345db7bd92972156b26, findElement {using=xpath, value=//input[@name='shipping_method']}]
Capabilities {acceptInsecureCerts: false, browserName: chrome, browserVersion: 140.0.7339.128, chrome: {chromedriverVersion: 140.0.7339.185 (eeea00e459e..., userDataDir: C:\Users\ADMIN\AppData\Loca...}, fedcm:accounts: true, goog:chromeOptions: {debuggerAddress: localhost:61025}, networkConnectionEnabled: false, pageLoadStrategy: normal, platformName: windows, proxy: Proxy(), se:cdp: ws://localhost:61025/devtoo..., se:cdpVersion: 140.0.7339.128, setWindowRect: true, strictFileInteractability: false, timeouts: {implicit: 0, pageLoad: 300000, script: 30000}, unhandledPromptBehavior: dismiss and notify, webauthn:extension:credBlob: true, webauthn:extension:largeBlob: true, webauthn:extension:minPinLength: true, webauthn:extension:prf: true, webauthn:virtualAuthenticators: true}
Session ID: f97770458a7eb345db7bd92972156b26
20:44:07.620 [main] INFO  - addtocart test started........
20:44:30.897 [main] INFO  - Negative test: Estimate shipping with invalid details started
20:46:50.551 [main] INFO  - addtocart test started........
20:47:13.449 [main] INFO  - Negative test: Estimate shipping with invalid details started
20:47:20.378 [main] INFO  - Negative test: Estimate shipping with invalid details finished
20:48:58.362 [main] INFO  - addtocart test started........
20:49:21.013 [main] INFO  - Negative test: Estimate shipping with invalid details started
20:49:27.907 [main] INFO  - Negative test: Estimate shipping with invalid details finished
20:52:14.597 [main] INFO  - ****Starting testcase a *****
20:52:14.741 [main] INFO  - ****clicked myaccount *****
20:52:15.073 [main] INFO  - ****clicked register *****
20:52:15.076 [main] INFO  - ****customer details *****
20:52:16.249 [main] INFO  - ****validating expected message *****
20:52:16.691 [main] INFO  - ****test executed*****
20:52:16.745 [main] INFO  - ***Negative test: Empty first name started***
20:52:27.784 [main] INFO  - ***Negative test: Empty first name finished***
20:52:27.788 [main] INFO  - ***Negative test: Invalid email started***
20:52:38.800 [main] INFO  - ***Negative test: Invalid email finished***
20:52:38.809 [main] INFO  - ***Negative test: Password mismatch started***
20:52:49.868 [main] INFO  - ***Negative test: Password mismatch finished***
20:52:52.408 [main] INFO  - ***login started******
20:52:53.763 [main] INFO  - ***finsihed login started******
20:52:53.775 [main] INFO  - ***Negative login test: Invalid credentials started***
20:52:54.525 [main] INFO  - ***Negative login test: Invalid credentials finished***
20:52:54.528 [main] INFO  - ***Negative login test: Empty username started***
20:52:55.191 [main] INFO  - ***Negative login test: Empty username finished***
20:52:55.194 [main] INFO  - ***Negative login test: Empty password started***
20:52:55.895 [main] INFO  - ***Negative login test: Empty password finished***
20:52:59.203 [main] INFO  - ***login started******
20:53:00.446 [main] INFO  - ***login started******
20:53:11.194 [main] INFO  - ***login started******
20:53:21.975 [main] INFO  - ***login started******
20:53:32.663 [main] INFO  - ***login started******
20:53:45.009 [main] INFO  - search case started......
20:53:52.213 [main] INFO  - search case ended......
20:53:52.219 [main] INFO  - Negative test: Search non-existing product started
20:53:54.649 [main] INFO  - Negative test: Search non-existing product finished
20:53:54.651 [main] INFO  - Negative test: Search with empty input started
20:53:57.118 [main] INFO  - Negative test: Search with empty input finished
20:53:57.121 [main] INFO  - Negative test: Search with special characters started
20:53:59.543 [main] INFO  - Negative test: Search with special characters finished
20:54:01.384 [main] INFO  - Wishlist test started........
20:54:09.567 [main] INFO  - Wishlist test ended........
20:54:10.245 [main] INFO  - Negative test: Add to wishlist without login started
20:54:10.816 [main] INFO  - Negative test: Add to wishlist without login finished
20:54:12.779 [main] INFO  - CompareProduct test started........
20:54:19.583 [main] INFO  - CompareProduct test ended........
20:54:19.585 [main] INFO  - Negative Test: Add to compare without selecting product started...
20:54:20.277 [main] INFO  - Negative Test: Add to compare without selecting product ended.
20:54:22.259 [main] INFO  - addtocart test started........
20:54:24.274 [main] INFO  - addtocart test ended........
20:54:26.163 [main] INFO  - addtocart test started........
20:54:48.715 [main] INFO  - Negative test: Estimate shipping with invalid details started
20:54:55.669 [main] INFO  - Negative test: Estimate shipping with invalid details finished
20:54:57.628 [main] INFO  - endtoened test started........
20:54:59.563 [main] INFO  - ****validating expected message *****
20:55:48.297 [main] INFO  - endtoened test finished........
21:09:07.297 [main] INFO  - ****Starting testcase a *****
21:09:07.506 [main] INFO  - ****clicked myaccount *****
21:09:08.135 [main] INFO  - ****clicked register *****
21:09:08.137 [main] INFO  - ****customer details *****
21:09:10.159 [main] INFO  - ****validating expected message *****
21:09:10.767 [main] INFO  - ****test executed*****
21:09:10.868 [main] INFO  - ***Negative test: Empty first name started***
21:09:22.477 [main] INFO  - ***Negative test: Empty first name finished***
21:09:22.485 [main] INFO  - ***Negative test: Invalid email started***
21:09:34.548 [main] INFO  - ***Negative test: Invalid email finished***
21:09:34.572 [main] INFO  - ***Negative test: Password mismatch started***
21:09:46.758 [main] INFO  - ***Negative test: Password mismatch finished***
21:09:49.260 [main] INFO  - ***login started******
21:09:50.987 [main] INFO  - ***finsihed login started******
21:09:50.992 [main] INFO  - ***Negative login test: Invalid credentials started***
21:09:52.058 [main] INFO  - ***Negative login test: Invalid credentials finished***
21:09:52.061 [main] INFO  - ***Negative login test: Empty username started***
21:09:52.956 [main] INFO  - ***Negative login test: Empty username finished***
21:09:52.960 [main] INFO  - ***Negative login test: Empty password started***
21:09:53.878 [main] INFO  - ***Negative login test: Empty password finished***
21:09:59.486 [main] INFO  - ***login started******
21:10:01.311 [main] INFO  - ***login started******
21:10:12.475 [main] INFO  - ***login started******
21:10:23.180 [main] INFO  - ***login started******
21:10:34.151 [main] INFO  - ***login started******
21:10:47.699 [main] INFO  - search case started......
21:10:55.028 [main] INFO  - search case ended......
21:10:55.032 [main] INFO  - Negative test: Search non-existing product started
21:10:57.535 [main] INFO  - Negative test: Search non-existing product finished
21:10:57.540 [main] INFO  - Negative test: Search with empty input started
21:11:00.379 [main] INFO  - Negative test: Search with empty input finished
21:11:00.382 [main] INFO  - Negative test: Search with special characters started
21:11:02.878 [main] INFO  - Negative test: Search with special characters finished
21:11:05.180 [main] INFO  - Wishlist test started........
21:11:07.176 [main] INFO  - Negative test: Add to wishlist without login started
21:11:07.724 [main] INFO  - Negative test: Add to wishlist without login finished
21:11:10.988 [main] INFO  - CompareProduct test started........
21:11:18.961 [main] INFO  - CompareProduct test ended........
21:11:18.964 [main] INFO  - Negative Test: Add to compare without selecting product started...
21:11:19.800 [main] INFO  - Negative Test: Add to compare without selecting product ended.
21:11:22.001 [main] INFO  - addtocart test started........
21:11:24.687 [main] INFO  - addtocart test ended........
21:11:28.799 [main] INFO  - addtocart test started........
21:11:53.965 [main] INFO  - Negative test: Estimate shipping with invalid details started
21:12:01.433 [main] INFO  - Negative test: Estimate shipping with invalid details finished
21:12:04.859 [main] INFO  - endtoened test started........
21:12:06.863 [main] INFO  - ****validating expected message *****
21:12:56.857 [main] INFO  - endtoened test finished........
21:14:01.007 [main] INFO  - Wishlist test started........
21:14:08.674 [main] INFO  - Wishlist test ended........
21:14:09.210 [main] INFO  - Negative test: Add to wishlist without login started
21:14:09.928 [main] INFO  - Negative test: Add to wishlist without login finished
21:46:01.021 [main] INFO  - ****Starting testcase a *****
21:46:01.198 [main] INFO  - ****clicked myaccount *****
21:46:01.607 [main] INFO  - ****clicked register *****
21:46:01.612 [main] INFO  - ****customer details *****
21:46:02.725 [main] INFO  - ****validating expected message *****
21:46:03.146 [main] INFO  - ****test executed*****
21:46:04.230 [main] INFO  - ***Negative test: Empty first name started***
21:46:15.375 [main] INFO  - ***Negative test: Empty first name finished***
21:46:15.380 [main] INFO  - ***Negative test: Invalid email started***
21:46:26.354 [main] INFO  - ***Negative test: Invalid email finished***
21:46:26.356 [main] INFO  - ***Negative test: Password mismatch started***
21:46:37.372 [main] INFO  - ***Negative test: Password mismatch finished***
21:46:39.499 [main] INFO  - ***login started******
21:46:40.821 [main] INFO  - ***finsihed login started******
21:46:40.824 [main] INFO  - ***Negative login test: Invalid credentials started***
21:46:41.613 [main] INFO  - ***Negative login test: Invalid credentials finished***
21:46:41.615 [main] INFO  - ***Negative login test: Empty username started***
21:46:42.301 [main] INFO  - ***Negative login test: Empty username finished***
21:46:42.307 [main] INFO  - ***Negative login test: Empty password started***
21:46:43.059 [main] INFO  - ***Negative login test: Empty password finished***
21:46:46.214 [main] INFO  - ***login started******
21:46:47.498 [main] INFO  - ***login started******
21:46:58.098 [main] INFO  - ***login started******
21:47:08.696 [main] INFO  - ***login started******
21:47:19.259 [main] INFO  - ***login started******
21:47:33.659 [main] INFO  - search case started......
21:47:40.752 [main] INFO  - search case ended......
21:47:40.754 [main] INFO  - Negative test: Search non-existing product started
21:47:43.136 [main] INFO  - Negative test: Search non-existing product finished
21:47:43.138 [main] INFO  - Negative test: Search with empty input started
21:47:45.615 [main] INFO  - Negative test: Search with empty input finished
21:47:45.618 [main] INFO  - Negative test: Search with special characters started
21:47:48.029 [main] INFO  - Negative test: Search with special characters finished
21:47:50.747 [main] INFO  - Wishlist test started........
21:47:57.343 [main] INFO  - Wishlist test ended........
21:47:57.720 [main] INFO  - Negative test: Add to wishlist without login started
21:47:58.138 [main] INFO  - Negative test: Add to wishlist without login finished
21:47:59.779 [main] INFO  - CompareProduct test started........
21:48:06.172 [main] INFO  - CompareProduct test ended........
21:48:06.174 [main] INFO  - Negative Test: Add to compare without selecting product started...
21:48:06.916 [main] INFO  - Negative Test: Add to compare without selecting product ended.
21:48:09.199 [main] INFO  - addtocart test started........
21:48:14.655 [main] INFO  - addtocart test started........
21:48:37.265 [main] INFO  - Negative test: Estimate shipping with invalid details started
21:48:44.176 [main] INFO  - Negative test: Estimate shipping with invalid details finished
21:48:46.800 [main] INFO  - endtoened test started........
21:48:48.312 [main] INFO  - ****validating expected message *****
21:49:37.115 [main] INFO  - endtoened test finished........
18:51:48.528 [main] INFO  - ****Starting testcase a *****
18:51:48.990 [main] INFO  - ****clicked myaccount *****
18:51:49.578 [main] INFO  - ****clicked register *****
18:51:49.580 [main] INFO  - ****customer details *****
18:51:51.288 [main] INFO  - ****validating expected message *****
18:51:51.885 [main] INFO  - ****test executed*****
18:51:51.942 [main] INFO  - ***Negative test: Empty first name started***
18:52:03.723 [main] INFO  - ***Negative test: Empty first name finished***
18:52:03.729 [main] INFO  - ***Negative test: Invalid email started***
18:52:15.585 [main] INFO  - ***Negative test: Invalid email finished***
18:52:15.602 [main] INFO  - ***Negative test: Password mismatch started***
18:52:27.746 [main] INFO  - ***Negative test: Password mismatch finished***
18:52:27.754 [main] INFO  - ***Negative test: Empty last name started***
18:52:39.449 [main] INFO  - ***Negative test: Empty last name finished***
18:52:39.455 [main] INFO  - ***Negative test: Policy not accepted started***
18:52:51.284 [main] INFO  - ***Negative test: Policy not accepted finished***
18:52:51.295 [main] INFO  - ***Negative test: Existing email started***
18:53:03.073 [main] INFO  - ***Negative test: Existing email finished***
18:53:03.082 [main] INFO  - ***Boundary test: Short password started***
18:53:14.301 [main] INFO  - ***Boundary test: Short password finished***
18:58:20.432 [main] INFO  - ***login started******
18:58:22.454 [main] INFO  - ***finsihed login started******
18:58:22.525 [main] INFO  - ***Negative login test: Invalid credentials started***
18:58:23.757 [main] INFO  - ***Negative login test: Invalid credentials finished***
18:58:23.762 [main] INFO  - ***Negative login test: Empty username started***
18:58:24.609 [main] INFO  - ***Negative login test: Empty username finished***
18:58:24.614 [main] INFO  - ***Negative login test: Empty password started***
18:58:25.601 [main] INFO  - ***Negative login test: Empty password finished***
18:58:25.615 [main] INFO  - ***Negative login test: Spaces only started***
18:58:26.549 [main] INFO  - ***Negative login test: Spaces only finished***
18:58:26.552 [main] INFO  - ***Security test: SQL Injection started***
18:58:27.483 [main] INFO  - ***Security test: SQL Injection finished***
18:58:27.490 [main] INFO  - ***Security test: XSS attempt started***
18:58:28.480 [main] INFO  - ***Security test: XSS attempt finished***
19:10:24.818 [main] INFO  - Search test started: Valid product search
19:10:27.760 [main] INFO  - Scrolled to Add to Cart for: Valid product search
19:10:27.773 [main] INFO  - Search test finished: Valid product search
19:10:27.799 [main] INFO  - Search test started: Case-insensitive search
19:10:30.441 [main] INFO  - Scrolled to Add to Cart for: Case-insensitive search
19:10:30.452 [main] INFO  - Search test finished: Case-insensitive search
19:10:30.463 [main] INFO  - Search test started: Partial product name search
19:10:33.031 [main] INFO  - Scrolled to Add to Cart for: Partial product name search
19:10:33.048 [main] INFO  - Search test finished: Partial product name search
19:10:33.057 [main] INFO  - Search test started: Search with leading/trailing spaces
19:10:35.689 [main] INFO  - Scrolled to Add to Cart for: Search with leading/trailing spaces
19:10:35.707 [main] INFO  - Search test finished: Search with leading/trailing spaces
19:10:35.718 [main] INFO  - Search test started: Numeric input search (e.g., iPhone 13)
19:10:48.648 [main] INFO  - Search test started: Non-existing product
19:10:51.412 [main] INFO  - Search test started: Empty input
19:10:54.247 [main] INFO  - Search test started: Search with special characters
19:16:35.714 [main] INFO  - Search test started: Valid product search
19:16:38.609 [main] INFO  - Scrolled to Add to Cart for: Valid product search
19:16:38.636 [main] INFO  - Search test finished: Valid product search
19:16:38.675 [main] INFO  - Search test started: Case-insensitive search
19:16:41.412 [main] INFO  - Scrolled to Add to Cart for: Case-insensitive search
19:16:41.423 [main] INFO  - Search test finished: Case-insensitive search
19:16:41.436 [main] INFO  - Search test started: Partial product name search
19:16:43.955 [main] INFO  - Scrolled to Add to Cart for: Partial product name search
19:16:43.966 [main] INFO  - Search test finished: Partial product name search
19:16:43.978 [main] INFO  - Search test started: Search with leading/trailing spaces
19:16:46.866 [main] INFO  - Scrolled to Add to Cart for: Search with leading/trailing spaces
19:16:46.887 [main] INFO  - Search test finished: Search with leading/trailing spaces
19:16:46.896 [main] INFO  - Search test started: Numeric input search (e.g., iPhone 13)
19:16:59.724 [main] INFO  - Search test started: Non-existing product
19:17:02.362 [main] INFO  - Search test started: Empty input
19:17:04.987 [main] INFO  - Search test started: Search with special characters
19:30:34.487 [main] INFO  - search case started......
19:30:42.316 [main] INFO  - search case ended......
19:30:42.366 [main] INFO  - Negative test: Search non-existing product started
19:30:45.134 [main] INFO  - Negative test: Search non-existing product finished
19:30:45.140 [main] INFO  - Negative test: Search with empty input started
19:30:47.723 [main] INFO  - Negative test: Search with empty input finished
19:30:47.739 [main] INFO  - Negative test: Search with special characters started
19:30:50.290 [main] INFO  - Negative test: Search with special characters finished
19:30:50.301 [main] INFO  - Positive test: Case-insensitive search started
19:30:52.881 [main] INFO  - Positive test: Case-insensitive search finished
19:30:52.885 [main] INFO  - Positive test: Partial name search started
19:30:55.429 [main] INFO  - Positive test: Partial name search finished
19:30:55.437 [main] INFO  - Positive test: Search with numeric input started
19:30:58.228 [main] INFO  - Positive test: Verify search result count started
19:31:00.960 [main] INFO  - Positive test: Verify search result count finished
19:31:00.964 [main] INFO  - Positive test: Search pagination started
19:31:13.535 [main] ERROR - Exception in verifySearchPagination: no such element: Unable to locate element: {"method":"xpath","selector":"//ul[@class='pagination']//li[@class='next']"}
  (Session info: chrome=140.0.7339.128)
For documentation on this error, please visit: https://www.selenium.dev/documentation/webdriver/troubleshooting/errors#no-such-element-exception
Build info: version: '4.35.0', revision: '1c58e5028b'
System info: os.name: 'Windows 10', os.arch: 'amd64', os.version: '10.0', java.version: '17.0.4'
Driver info: org.openqa.selenium.chrome.ChromeDriver
Command: [a9b9d267befa6047d8d32194a3f4fbf3, findElement {value=//ul[@class='pagination']//li[@class='next'], using=xpath}]
Capabilities {acceptInsecureCerts: false, browserName: chrome, browserVersion: 140.0.7339.128, chrome: {chromedriverVersion: 140.0.7339.185 (eeea00e459e..., userDataDir: C:\Users\ADMIN\AppData\Loca...}, fedcm:accounts: true, goog:chromeOptions: {debuggerAddress: localhost:53400}, networkConnectionEnabled: false, pageLoadStrategy: normal, platformName: windows, proxy: Proxy(), se:cdp: ws://localhost:53400/devtoo..., se:cdpVersion: 140.0.7339.128, setWindowRect: true, strictFileInteractability: false, timeouts: {implicit: 0, pageLoad: 300000, script: 30000}, unhandledPromptBehavior: dismiss and notify, webauthn:extension:credBlob: true, webauthn:extension:largeBlob: true, webauthn:extension:minPinLength: true, webauthn:extension:prf: true, webauthn:virtualAuthenticators: true}
Session ID: a9b9d267befa6047d8d32194a3f4fbf3
19:42:37.669 [main] INFO  - search case started......
19:42:45.179 [main] INFO  - search case ended......
19:42:45.224 [main] INFO  - Negative test: Search non-existing product started
19:42:47.784 [main] INFO  - Negative test: Search non-existing product finished
19:42:47.795 [main] INFO  - Negative test: Search with empty input started
19:42:50.481 [main] INFO  - Negative test: Search with empty input finished
19:42:50.491 [main] INFO  - Negative test: Search with special characters started
19:42:52.998 [main] INFO  - Negative test: Search with special characters finished
19:42:53.002 [main] INFO  - Positive test: Case-insensitive search started
19:42:55.525 [main] INFO  - Positive test: Case-insensitive search finished
19:42:55.537 [main] INFO  - Positive test: Partial name search started
19:42:58.178 [main] INFO  - Positive test: Partial name search finished
19:42:58.187 [main] INFO  - Positive test: Search with numeric input started
19:43:00.700 [main] INFO  - Positive test: Search with numeric input finished
19:43:00.706 [main] INFO  - Positive test: Verify search result count started
19:43:03.250 [main] INFO  - Positive test: Verify search result count finished
19:43:03.255 [main] INFO  - Negative test: Search with special characters + numbers started
19:43:05.766 [main] INFO  - Negative test: Search with special characters + numbers finished
19:43:05.773 [main] INFO  - Positive test: Search with leading/trailing spaces started
19:43:08.352 [main] INFO  - Positive test: Search with leading/trailing spaces finished
19:57:19.658 [main] INFO  - CompareProduct test started........
19:57:27.526 [main] INFO  - CompareProduct test ended........
19:57:27.555 [main] INFO  - Negative Test: Add to compare without selecting product started...
19:57:28.425 [main] INFO  - Negative Test: Add to compare without selecting product ended.
19:57:28.431 [main] INFO  - Positive Test: Verify Compare Page UI Elements started...
19:57:39.115 [main] ERROR - Exception in verifyComparePageUIElements: element not interactable
  (Session info: chrome=140.0.7339.128)
Build info: version: '4.35.0', revision: '1c58e5028b'
System info: os.name: 'Windows 10', os.arch: 'amd64', os.version: '10.0', java.version: '17.0.4'
Driver info: org.openqa.selenium.chrome.ChromeDriver
Command: [d94639b376feb89a8e0c91816cd65ad2, clickElement {id=f.A091D281AAD170BD2114F442FE16FEBD.d.3C2A2DA15724CFEEF507BD36F89FD746.e.244}]
Capabilities {acceptInsecureCerts: false, browserName: chrome, browserVersion: 140.0.7339.128, chrome: {chromedriverVersion: 140.0.7339.185 (eeea00e459e..., userDataDir: C:\Users\ADMIN\AppData\Loca...}, fedcm:accounts: true, goog:chromeOptions: {debuggerAddress: localhost:54324}, networkConnectionEnabled: false, pageLoadStrategy: normal, platformName: windows, proxy: Proxy(), se:cdp: ws://localhost:54324/devtoo..., se:cdpVersion: 140.0.7339.128, setWindowRect: true, strictFileInteractability: false, timeouts: {implicit: 0, pageLoad: 300000, script: 30000}, unhandledPromptBehavior: dismiss and notify, webauthn:extension:credBlob: true, webauthn:extension:largeBlob: true, webauthn:extension:minPinLength: true, webauthn:extension:prf: true, webauthn:virtualAuthenticators: true}
Element: [[ChromeDriver: chrome on windows (d94639b376feb89a8e0c91816cd65ad2)] -> xpath: //a[normalize-space()='MacBook']]
Session ID: d94639b376feb89a8e0c91816cd65ad2
20:00:07.196 [main] INFO  - CompareProduct test started........
20:00:14.296 [main] INFO  - CompareProduct test ended........
20:00:14.356 [main] INFO  - Negative Test: Add to compare without selecting product started...
20:00:15.258 [main] INFO  - Negative Test: Add to compare without selecting product ended.
20:00:15.263 [main] INFO  - Positive Test: Verify Compare Page UI Elements started...
20:00:25.735 [main] ERROR - Exception in verifyComparePageUIElements: element not interactable
  (Session info: chrome=140.0.7339.128)
Build info: version: '4.35.0', revision: '1c58e5028b'
System info: os.name: 'Windows 10', os.arch: 'amd64', os.version: '10.0', java.version: '17.0.4'
Driver info: org.openqa.selenium.chrome.ChromeDriver
Command: [f3955ad35642ffb958795a18bc3287bf, clickElement {id=f.6D930553BDECFAC340D5DE116E9BC070.d.686E566E0757EFC88CA104C74F5EC04B.e.302}]
Capabilities {acceptInsecureCerts: false, browserName: chrome, browserVersion: 140.0.7339.128, chrome: {chromedriverVersion: 140.0.7339.185 (eeea00e459e..., userDataDir: C:\Users\ADMIN\AppData\Loca...}, fedcm:accounts: true, goog:chromeOptions: {debuggerAddress: localhost:54497}, networkConnectionEnabled: false, pageLoadStrategy: normal, platformName: windows, proxy: Proxy(), se:cdp: ws://localhost:54497/devtoo..., se:cdpVersion: 140.0.7339.128, setWindowRect: true, strictFileInteractability: false, timeouts: {implicit: 0, pageLoad: 300000, script: 30000}, unhandledPromptBehavior: dismiss and notify, webauthn:extension:credBlob: true, webauthn:extension:largeBlob: true, webauthn:extension:minPinLength: true, webauthn:extension:prf: true, webauthn:virtualAuthenticators: true}
Element: [[ChromeDriver: chrome on windows (f3955ad35642ffb958795a18bc3287bf)] -> xpath: //a[normalize-space()='MacBook']]
Session ID: f3955ad35642ffb958795a18bc3287bf
20:01:44.009 [main] INFO  - CompareProduct test started........
20:01:51.002 [main] INFO  - CompareProduct test ended........
20:01:51.046 [main] INFO  - Negative Test: Add to compare without selecting product started...
20:01:51.724 [main] INFO  - Negative Test: Add to compare without selecting product ended.
20:01:51.728 [main] INFO  - Positive Test: Verify Compare Page UI Elements started...
20:02:02.173 [main] ERROR - Exception in verifyComparePageUIElements: element not interactable
  (Session info: chrome=140.0.7339.128)
Build info: version: '4.35.0', revision: '1c58e5028b'
System info: os.name: 'Windows 10', os.arch: 'amd64', os.version: '10.0', java.version: '17.0.4'
Driver info: org.openqa.selenium.chrome.ChromeDriver
Command: [7927a78e8fdcb8b51bc429149d41cc66, clickElement {id=f.2BABB333866E288305689A5C1C5573C1.d.78A74D30CBF44BACF9857CDBDEFF19D4.e.279}]
Capabilities {acceptInsecureCerts: false, browserName: chrome, browserVersion: 140.0.7339.128, chrome: {chromedriverVersion: 140.0.7339.185 (eeea00e459e..., userDataDir: C:\Users\ADMIN\AppData\Loca...}, fedcm:accounts: true, goog:chromeOptions: {debuggerAddress: localhost:54637}, networkConnectionEnabled: false, pageLoadStrategy: normal, platformName: windows, proxy: Proxy(), se:cdp: ws://localhost:54637/devtoo..., se:cdpVersion: 140.0.7339.128, setWindowRect: true, strictFileInteractability: false, timeouts: {implicit: 0, pageLoad: 300000, script: 30000}, unhandledPromptBehavior: dismiss and notify, webauthn:extension:credBlob: true, webauthn:extension:largeBlob: true, webauthn:extension:minPinLength: true, webauthn:extension:prf: true, webauthn:virtualAuthenticators: true}
Element: [[ChromeDriver: chrome on windows (7927a78e8fdcb8b51bc429149d41cc66)] -> xpath: //a[normalize-space()='MacBook']]
Session ID: 7927a78e8fdcb8b51bc429149d41cc66
20:04:05.428 [main] INFO  - CompareProduct test started........
20:04:12.219 [main] INFO  - CompareProduct test ended........
20:04:12.249 [main] INFO  - Negative Test: Add to compare without selecting product started...
20:04:13.006 [main] INFO  - Negative Test: Add to compare without selecting product ended.
20:04:13.011 [main] INFO  - Positive Test: Verify Compare Page UI Elements started...
20:04:23.550 [main] ERROR - Exception in verifyComparePageUIElements: element not interactable
  (Session info: chrome=140.0.7339.128)
Build info: version: '4.35.0', revision: '1c58e5028b'
System info: os.name: 'Windows 10', os.arch: 'amd64', os.version: '10.0', java.version: '17.0.4'
Driver info: org.openqa.selenium.chrome.ChromeDriver
Command: [3c9254a4623a69d041327e6c3673a4ab, clickElement {id=f.81C167AAD61E8F13F6DDF6755141443C.d.EE068ED589D1B08966920ADF0B84A156.e.290}]
Capabilities {acceptInsecureCerts: false, browserName: chrome, browserVersion: 140.0.7339.128, chrome: {chromedriverVersion: 140.0.7339.185 (eeea00e459e..., userDataDir: C:\Users\ADMIN\AppData\Loca...}, fedcm:accounts: true, goog:chromeOptions: {debuggerAddress: localhost:54798}, networkConnectionEnabled: false, pageLoadStrategy: normal, platformName: windows, proxy: Proxy(), se:cdp: ws://localhost:54798/devtoo..., se:cdpVersion: 140.0.7339.128, setWindowRect: true, strictFileInteractability: false, timeouts: {implicit: 0, pageLoad: 300000, script: 30000}, unhandledPromptBehavior: dismiss and notify, webauthn:extension:credBlob: true, webauthn:extension:largeBlob: true, webauthn:extension:minPinLength: true, webauthn:extension:prf: true, webauthn:virtualAuthenticators: true}
Element: [[ChromeDriver: chrome on windows (3c9254a4623a69d041327e6c3673a4ab)] -> xpath: //a[normalize-space()='MacBook']]
Session ID: 3c9254a4623a69d041327e6c3673a4ab
20:09:53.474 [main] INFO  - Positive Test: Verify Compare Page UI Elements started...
20:10:04.654 [main] ERROR - Exception in verifyComparePageUIElements: no such element: Unable to locate element: {"method":"xpath","selector":"//a[normalize-space()='MacBook Air']"}
  (Session info: chrome=140.0.7339.128)
For documentation on this error, please visit: https://www.selenium.dev/documentation/webdriver/troubleshooting/errors#no-such-element-exception
Build info: version: '4.35.0', revision: '1c58e5028b'
System info: os.name: 'Windows 10', os.arch: 'amd64', os.version: '10.0', java.version: '17.0.4'
Driver info: org.openqa.selenium.chrome.ChromeDriver
Command: [7373c9d9aa6cc948c5dcc4ad0968fd2e, findElement {value=//a[normalize-space()='MacBook Air'], using=xpath}]
Capabilities {acceptInsecureCerts: false, browserName: chrome, browserVersion: 140.0.7339.128, chrome: {chromedriverVersion: 140.0.7339.185 (eeea00e459e..., userDataDir: C:\Users\ADMIN\AppData\Loca...}, fedcm:accounts: true, goog:chromeOptions: {debuggerAddress: localhost:55100}, networkConnectionEnabled: false, pageLoadStrategy: normal, platformName: windows, proxy: Proxy(), se:cdp: ws://localhost:55100/devtoo..., se:cdpVersion: 140.0.7339.128, setWindowRect: true, strictFileInteractability: false, timeouts: {implicit: 0, pageLoad: 300000, script: 30000}, unhandledPromptBehavior: dismiss and notify, webauthn:extension:credBlob: true, webauthn:extension:largeBlob: true, webauthn:extension:minPinLength: true, webauthn:extension:prf: true, webauthn:virtualAuthenticators: true}
Session ID: 7373c9d9aa6cc948c5dcc4ad0968fd2e
